App/build/outputs/proguard/defaultFlavor/release/seeds.txt
com.example.app.MainActivity
com.example.app.MainActivity: MainActivity()
com.example.app.R$anim: int abc_fade_in
com.example.app.R$anim: int abc_fade_out
com.example.app.R$anim: int abc_slide_in_bottom
com.example.app.R$anim: int abc_slide_in_top
com.example.app.R$anim: int abc_slide_out_bottom
com.example.app.R$anim: int abc_slide_out_top
com.example.app.R$attr: int actionBarDivider
com.example.app.R$attr: int actionBarItemBackground
com.example.app.R$attr: int actionBarSize
com.example.app.R$attr: int actionBarSplitStyle
com.example.app.R$attr: int actionBarStyle
com.example.app.R$attr: int actionBarTabBarStyle
com.example.app.R$attr: int actionBarTabStyle
com.example.app.R$attr: int actionBarTabTextStyle
com.example.app.R$attr: int actionBarWidgetTheme
com.example.app.R$attr: int actionButtonStyle
com.example.app.R$attr: int actionDropDownStyle
com.example.app.R$attr: int actionLayout
com.example.app.R$attr: int actionMenuTextAppearance
com.example.app.R$attr: int actionMenuTextColor
com.example.app.R$attr: int actionModeBackground
com.example.app.R$attr: int actionModeCloseButtonStyle
com.example.app.R$attr: int actionModeCloseDrawable
com.example.app.R$attr: int actionModeCopyDrawable
com.example.app.R$attr: int actionModeCutDrawable
com.example.app.R$attr: int actionModeFindDrawable
com.example.app.R$attr: int actionModePasteDrawable
com.example.app.R$attr: int actionModePopupWindowStyle
com.example.app.R$attr: int actionModeSelectAllDrawable
com.example.app.R$attr: int actionModeShareDrawable
com.example.app.R$attr: int actionModeSplitBackground
com.example.app.R$attr: int actionModeStyle
com.example.app.R$attr: int actionModeWebSearchDrawable
com.example.app.R$attr: int actionOverflowButtonStyle
com.example.app.R$attr: int actionProviderClass
com.example.app.R$attr: int actionViewClass
com.example.app.R$bool: int abc_action_bar_embed_tabs_pre_jb
com.example.app.R$bool: int abc_action_bar_expanded_action_views_exclusive
com.example.app.R$bool: int abc_config_actionMenuItemAllCaps
com.example.app.R$bool: int abc_config_allowActionMenuItemTextWithIcon
com.example.app.R$bool: int abc_config_showMenuShortcutsWhenKeyboardPresent
com.example.app.R$bool: int abc_split_action_bar_is_narrow
com.example.app.R$color: int abc_search_url_text_holo
com.example.app.R$color: int abc_search_url_text_normal
com.example.app.R$color: int abc_search_url_text_pressed
com.example.app.R$color: int abc_search_url_text_selected
com.example.app.R$dimen: int abc_action_bar_default_height
com.example.app.R$dimen: int abc_action_bar_icon_vertical_padding
com.example.app.R$dimen: int abc_action_bar_progress_bar_size
com.example.app.R$dimen: int abc_action_bar_stacked_max_height
com.example.app.R$dimen: int abc_action_bar_stacked_tab_max_width
com.example.app.R$dimen: int abc_action_bar_subtitle_bottom_margin
com.example.app.R$dimen: int abc_action_bar_subtitle_text_size
com.example.app.R$dimen: int abc_action_bar_subtitle_top_margin
com.example.app.R$dimen: int abc_action_bar_title_text_size
com.example.app.R$dimen: int abc_action_button_min_width
com.example.app.R$dimen: int abc_config_prefDialogWidth
com.example.app.R$dimen: int abc_dropdownitem_icon_width
com.example.app.R$dimen: int abc_dropdownitem_text_padding_left
com.example.app.R$dimen: int abc_dropdownitem_text_padding_right
com.example.app.R$dimen: int abc_panel_menu_list_width
com.example.app.R$dimen: int abc_search_view_preferred_width
com.example.app.R$dimen: int abc_search_view_text_min_width
com.example.app.R$dimen: int activity_horizontal_margin
com.example.app.R$dimen: int activity_vertical_margin
...
android.support.v7.appcompat.R$styleable: int[] ActionBar
android.support.v7.appcompat.R$styleable: int[] ActionBarLayout
android.support.v7.appcompat.R$styleable: int ActionBarLayout_android_layout_gravity
android.support.v7.appcompat.R$styleable: int[] ActionBarWindow
android.support.v7.appcompat.R$styleable: int ActionBarWindow_windowActionBar
android.support.v7.appcompat.R$styleable: int ActionBarWindow_windowActionBarOverlay
android.support.v7.appcompat.R$styleable: int ActionBarWindow_windowSplitActionBar
android.support.v7.appcompat.R$styleable: int ActionBar_background
android.support.v7.appcompat.R$styleable: int ActionBar_backgroundSplit
android.support.v7.appcompat.R$styleable: int ActionBar_backgroundStacked
android.support.v7.appcompat.R$styleable: int ActionBar_customNavigationLayout
android.support.v7.appcompat.R$styleable: int ActionBar_displayOptions
android.support.v7.appcompat.R$styleable: int ActionBar_divider
android.support.v7.appcompat.R$styleable: int ActionBar_height
android.support.v7.appcompat.R$styleable: int ActionBar_homeLayout
android.support.v7.appcompat.R$styleable: int ActionBar_icon
android.support.v7.appcompat.R$styleable: int ActionBar_indeterminateProgressStyle
android.support.v7.appcompat.R$styleable: int ActionBar_itemPadding
android.support.v7.appcompat.R$styleable: int ActionBar_logo
android.support.v7.appcompat.R$styleable: int ActionBar_navigationMode
android.support.v7.appcompat.R$styleable: int ActionBar_progressBarPadding
android.support.v7.internal.view.menu.ActionMenuItemView
android.support.v7.internal.view.menu.ActionMenuItemView: ActionMenuItemView(android.content.Context)
android.support.v7.internal.view.menu.ActionMenuItemView: ActionMenuItemView(android.content.Context,android.util.AttributeSet)
android.support.v7.internal.view.menu.ActionMenuItemView: ActionMenuItemView(android.content.Context,android.util.AttributeSet,int)
android.support.v7.internal.view.menu.ActionMenuItemView: android.support.v7.internal.view.menu.MenuItemImpl getItemData()
android.support.v7.internal.view.menu.ActionMenuItemView: void setItemInvoker(android.support.v7.internal.view.menu.MenuBuilder$ItemInvoker)
android.support.v7.internal.view.menu.ActionMenuItemView: void setCheckable(boolean)
android.support.v7.internal.view.menu.ActionMenuItemView: void setChecked(boolean)
android.support.v7.internal.view.menu.ActionMenuItemView: void setExpandedFormat(boolean)
android.support.v7.internal.view.menu.ActionMenuItemView: void setIcon(android.graphics.drawable.Drawable)
android.support.v7.internal.view.menu.ActionMenuItemView: void setTitle(java.lang.CharSequence)
android.support.v7.internal.view.menu.ActionMenuPresenter$SavedState
android.support.v7.internal.view.menu.ActionMenuPresenter$SavedState: android.os.Parcelable$Creator CREATOR
android.support.v7.internal.view.menu.ActionMenuView
android.support.v7.internal.view.menu.ActionMenuView: ActionMenuView(android.content.Context)
android.support.v7.internal.view.menu.ActionMenuView: ActionMenuView(android.content.Context,android.util.AttributeSet)
android.support.v7.internal.view.menu.ActionMenuView: void setPresenter(android.support.v7.internal.view.menu.ActionMenuPresenter)
android.support.v7.internal.view.menu.ActionMenuView: void setOverflowReserved(boolean)
android.support.v7.internal.view.menu.ActionMenuView: int getWindowAnimations()
android.support.v7.internal.view.menu.ExpandedMenuView
android.support.v7.internal.view.menu.ExpandedMenuView: ExpandedMenuView(android.content.Context,android.util.AttributeSet)
android.support.v7.internal.view.menu.ExpandedMenuView: int getWindowAnimations()