App/build/outputs/proguard/defaultFlavor/release/usage.txt
com.example.app.BuildConfig
com.example.app.R
com.example.app.R$anim
com.example.app.R$attr
com.example.app.R$bool
com.example.app.R$color
com.example.app.R$dimen
com.example.app.R$drawable
com.example.app.R$id
com.example.app.R$integer
com.example.app.R$layout
com.example.app.R$menu
com.example.app.R$string
com.example.app.R$style
com.example.app.R$styleable
...
android.support.v4.app.ShareCompat$ShareCompatImpl
android.support.v4.app.ShareCompat$ShareCompatImplBase
android.support.v4.app.ShareCompat$ShareCompatImplICS
android.support.v4.app.ShareCompat$ShareCompatImplJB
android.support.v4.app.ShareCompatICS
android.support.v4.app.ShareCompatJB
android.support.v4.app.TaskStackBuilder:
    private static final java.lang.String TAG
    150:150:public static android.support.v4.app.TaskStackBuilder from(android.content.Context)
    178:186:public android.support.v4.app.TaskStackBuilder addNextIntentWithParentStack(android.content.Intent)
    226:226:public android.support.v4.app.TaskStackBuilder addParentStack(java.lang.Class)
    256:256:public int getIntentCount()
    270:270:public android.content.Intent getIntent(int)
    282:282:public android.content.Intent editIntentAt(int)
    344:344:public android.app.PendingIntent getPendingIntent(int,int)
    361:371:public android.app.PendingIntent getPendingIntent(int,int,android.os.Bundle)
    382:391:public android.content.Intent[] getIntents()
android.support.v4.app.TaskStackBuilder$TaskStackBuilderImpl:
    public abstract android.app.PendingIntent getPendingIntent(android.content.Context,android.content.Intent[],int,int,android.os.Bundle)
android.support.v4.app.TaskStackBuilder$TaskStackBuilderImplBase:
    84:86:public android.app.PendingIntent getPendingIntent(android.content.Context,android.content.Intent[],int,int,android.os.Bundle)
android.support.v4.app.TaskStackBuilder$TaskStackBuilderImplHoneycomb:
    93:96:public android.app.PendingIntent getPendingIntent(android.content.Context,android.content.Intent[],int,int,android.os.Bundle)
android.support.v4.app.TaskStackBuilder$TaskStackBuilderImplJellybean
android.support.v4.app.TaskStackBuilderHoneycomb
android.support.v4.app.TaskStackBuilderJellybean
android.support.v4.content.AsyncTaskLoader
android.support.v4.content.AsyncTaskLoader$LoadTask
android.support.v4.content.ContextCompat:
    private static final java.lang.String DIR_ANDROID
    private static final java.lang.String DIR_DATA
    private static final java.lang.String DIR_OBB
    private static final java.lang.String DIR_FILES
    private static final java.lang.String DIR_CACHE
    33:33:public ContextCompat()
    67:67:public static boolean startActivities(android.content.Context,android.content.Intent[])
    154:165:public static java.io.File[] getObbDirs(android.content.Context)
    214:225:public static java.io.File[] getExternalFilesDirs(android.content.Context,java.lang.String)
    274:285:public static java.io.File[] getExternalCacheDirs(android.content.Context)
    290:298:private static varargs java.io.File buildPath(java.io.File,java.lang.String[])
android.support.v4.content.ContextCompatFroyo
android.support.v4.content.ContextCompatHoneycomb:
    27:27:ContextCompatHoneycomb()
    34:34:public static java.io.File getObbDir(android.content.Context)
android.support.v4.content.ContextCompatJellybean:
    23:23:ContextCompatJellybean()
android.support.v4.content.ContextCompatKitKat
android.support.v4.content.CursorLoader
android.support.v4.content.FileProvider
android.support.v4.content.FileProvider$PathStrategy
android.support.v4.content.FileProvider$SimplePathStrategy
android.support.v4.content.IntentCompat:
    public static final java.lang.String ACTION_EXTERNAL_APPLICATIONS_AVAILABLE
    public static final java.lang.String ACTION_EXTERNAL_APPLICATIONS_UNAVAILABLE
    public static final java.lang.String EXTRA_CHANGED_PACKAGE_LIST
    public static final java.lang.String EXTRA_CHANGED_UID_LIST
    public static final java.lang.String EXTRA_HTML_TEXT
    public static final int FLAG_ACTIVITY_TASK_ON_HOME
    public static final int FLAG_ACTIVITY_CLEAR_TASK
    95:97:private IntentCompat()
    249:249:public static android.content.Intent makeMainSelectorActivity(java.lang.String,java.lang.String)
    266:266:public static android.content.Intent makeRestartActivityTask(android.content.ComponentName)